********************************************************************************
PACKAGE-LOG: 2016-08-19 12:37:32
NOTICE: Do NOT post to public sites or forums 
********************************************************************************
VERSION:	1.1.16
WORDPRESS:	4.5.3
PHP INFO:	5.6.10 | SAPI: apache2handler
SERVER:		Apache/2.2.29 (Unix) mod_wsgi/3.5 Python/2.7.10 PHP/5.6.10 mod_ssl/2.2.29 OpenSSL/0.9.8zg DAV/2 mod_fastcgi/2.4.6 mod_perl/2.0.9 Perl/v5.22.0 
PHP TIME LIMIT: (0) no time limit imposed 
PHP MAX MEMORY: 2048M (128M default) 
MEMORY STACK: 26MB 

********************************************************************************
DATABASE:
********************************************************************************
BUILD MODE:   PHP(query limit - 100)
MYSQLTIMEOUT: 5000
MYSQLDUMP:    Not Supported 
TABLES: total:18 | filtered:0 | create:18 
FILTERED: [] 
SQL CREATED: insydsports_wp_57b6fd7c6fb993537160819123716_database.sql 
SQL FILE SIZE: 962.72KB (985826) 
SQL FILE TIME: 2016-08-19 12:37:32 
SQL RUNTIME: 0.11 sec. 

******************************************************************************** 
ARCHIVE (ZIP): 
******************************************************************************** 
ARCHIVE DIR:  /Users/ansarmemon/Desktop/sites/Insydsports-wordpress 
ARCHIVE FILE: insydsports_wp_57b6fd7c6fb993537160819123716_archive.zip 
FILTERS: *OFF* 
DIRS:  not set 
EXTS:  not set 
---------------------------------------- 
COMPRESSING 
SIZE:	83.5MB 
STATS:	Dirs 261 | Files 2,695 
SQL ADDED: insydsports_wp_57b6fd7c6fb993537160819123716_database.sql 
ZipArchive Object
(
    [status] => 0
    [statusSys] => 0
    [numFiles] => 2956
    [filename] => /Users/ansarmemon/Desktop/sites/Insydsports-wordpress/wp-snapshots/tmp/insydsports_wp_57b6fd7c6fb993537160819123716_archive.zip
    [comment] => 
)
 
COMPRESSION RESULT: '1' 
COMPRESSED SIZE: 60.57MB 
ARCHIVE RUNTIME: 17.39 sec. 
MEMORY STACK: 27MB 

******************************************************************************** 
MAKE INSTALLER: 
******************************************************************************** 
Build Start 
Build Finished 
Preping for use 
Template parsed with new data 
Complete [/Users/ansarmemon/Desktop/sites/Insydsports-wordpress/wp-snapshots/tmp/insydsports_wp_57b6fd7c6fb993537160819123716_installer.php] 
Added to archive 

******************************************************************************** 
INTEGRITY CHECKS: 
******************************************************************************** 
SQL File: 962.72KB 
Installer File: 347.63KB 
Archive File: 60.57MB  

********************************************************************************
RECORD ID:[2]
TOTAL PROCESS RUNTIME: 18.45 sec.
PEAK PHP MEMORY USED: 29.5MB
DONE PROCESSING => insydsports_wp 2016-08-19 12:37:50
 
